\BOOKMARK [1][-]{section.1}{Abstract}{}% 1
\BOOKMARK [1][-]{section.2}{Introduction}{}% 2
\BOOKMARK [1][-]{section.3}{Background}{}% 3
\BOOKMARK [2][-]{subsection.3.1}{Artificial Neural Networks}{section.3}% 4
\BOOKMARK [3][-]{subsubsection.3.1.1}{Neural Network Overview}{subsection.3.1}% 5
\BOOKMARK [3][-]{subsubsection.3.1.2}{The Neurons}{subsection.3.1}% 6
\BOOKMARK [3][-]{subsubsection.3.1.3}{Feed Forward Neural Networks}{subsection.3.1}% 7
\BOOKMARK [3][-]{subsubsection.3.1.4}{Convolutional Neural Networks}{subsection.3.1}% 8
\BOOKMARK [3][-]{subsubsection.3.1.5}{Training}{subsection.3.1}% 9
\BOOKMARK [3][-]{subsubsection.3.1.6}{Design Space}{subsection.3.1}% 10
\BOOKMARK [2][-]{subsection.3.2}{Visualisation}{section.3}% 11
\BOOKMARK [3][-]{subsubsection.3.2.1}{Visual Encodings}{subsection.3.2}% 12
\BOOKMARK [2][-]{subsection.3.3}{Other Approaches of Understanding}{section.3}% 13
\BOOKMARK [2][-]{subsection.3.4}{Early ANN Visualisation}{section.3}% 14
\BOOKMARK [3][-]{subsubsection.3.4.1}{LeNet}{subsection.3.4}% 15
\BOOKMARK [3][-]{subsubsection.3.4.2}{Hinton Diagram}{subsection.3.4}% 16
\BOOKMARK [3][-]{subsubsection.3.4.3}{Bond Diagram}{subsection.3.4}% 17
\BOOKMARK [3][-]{subsubsection.3.4.4}{Hyperplan Diagrams}{subsection.3.4}% 18
\BOOKMARK [3][-]{subsubsection.3.4.5}{Response-function plots}{subsection.3.4}% 19
\BOOKMARK [3][-]{subsubsection.3.4.6}{Trajectory Diagrams}{subsection.3.4}% 20
\BOOKMARK [3][-]{subsubsection.3.4.7}{Lascaux}{subsection.3.4}% 21
\BOOKMARK [2][-]{subsection.3.5}{Related Work}{section.3}% 22
\BOOKMARK [3][-]{subsubsection.3.5.1}{Existing Systems}{subsection.3.5}% 23
\BOOKMARK [3][-]{subsubsection.3.5.2}{Interactive}{subsection.3.5}% 24
\BOOKMARK [3][-]{subsubsection.3.5.3}{Visualising Features}{subsection.3.5}% 25
\BOOKMARK [3][-]{subsubsection.3.5.4}{Confusion Matrix}{subsection.3.5}% 26
\BOOKMARK [3][-]{subsubsection.3.5.5}{Multi-Dimension Visualisation}{subsection.3.5}% 27
\BOOKMARK [3][-]{subsubsection.3.5.6}{Case Study: Visualising MNIST}{subsection.3.5}% 28
\BOOKMARK [3][-]{subsubsection.3.5.7}{Weights and Connections}{subsection.3.5}% 29
\BOOKMARK [3][-]{subsubsection.3.5.8}{Visualising Uncertainty}{subsection.3.5}% 30
\BOOKMARK [3][-]{subsubsection.3.5.9}{Representations}{subsection.3.5}% 31
\BOOKMARK [3][-]{subsubsection.3.5.10}{Geometric Fingerprints}{subsection.3.5}% 32
\BOOKMARK [3][-]{subsubsection.3.5.11}{Other Visualisation possibilities}{subsection.3.5}% 33
\BOOKMARK [2][-]{subsection.3.6}{Classification}{section.3}% 34
\BOOKMARK [2][-]{subsection.3.7}{Linear Classification}{section.3}% 35
\BOOKMARK [3][-]{subsubsection.3.7.1}{Score Function}{subsection.3.7}% 36
\BOOKMARK [3][-]{subsubsection.3.7.2}{Parametric Approach}{subsection.3.7}% 37
\BOOKMARK [3][-]{subsubsection.3.7.3}{Loss Function}{subsection.3.7}% 38
\BOOKMARK [2][-]{subsection.3.8}{Deep Neural Networks: An Overview}{section.3}% 39
\BOOKMARK [3][-]{subsubsection.3.8.1}{Supervised Learning}{subsection.3.8}% 40
\BOOKMARK [3][-]{subsubsection.3.8.2}{Approximation vs. Generalisation}{subsection.3.8}% 41
\BOOKMARK [3][-]{subsubsection.3.8.3}{Model of Neurons}{subsection.3.8}% 42
\BOOKMARK [3][-]{subsubsection.3.8.4}{Basic Neural Network: The Perceptron}{subsection.3.8}% 43
\BOOKMARK [2][-]{subsection.3.9}{Different Architectures}{section.3}% 44
\BOOKMARK [3][-]{subsubsection.3.9.1}{Feed Forward}{subsection.3.9}% 45
\BOOKMARK [3][-]{subsubsection.3.9.2}{Auto Encoders}{subsection.3.9}% 46
\BOOKMARK [3][-]{subsubsection.3.9.3}{Convolutional}{subsection.3.9}% 47
\BOOKMARK [3][-]{subsubsection.3.9.4}{Recurrent}{subsection.3.9}% 48
\BOOKMARK [2][-]{subsection.3.10}{Training}{section.3}% 49
\BOOKMARK [3][-]{subsubsection.3.10.1}{Backpropogation}{subsection.3.10}% 50
\BOOKMARK [3][-]{subsubsection.3.10.2}{Overfitting}{subsection.3.10}% 51
\BOOKMARK [3][-]{subsubsection.3.10.3}{Parameter Tuning}{subsection.3.10}% 52
\BOOKMARK [2][-]{subsection.3.11}{Visualisation: An Overview}{section.3}% 53
\BOOKMARK [3][-]{subsubsection.3.11.1}{Why Visualise?}{subsection.3.11}% 54
\BOOKMARK [3][-]{subsubsection.3.11.2}{The Human Visual System}{subsection.3.11}% 55
\BOOKMARK [3][-]{subsubsection.3.11.3}{Models of Visualisation}{subsection.3.11}% 56
\BOOKMARK [2][-]{subsection.3.12}{Designing Visualisations}{section.3}% 57
\BOOKMARK [3][-]{subsubsection.3.12.1}{Data-Ink}{subsection.3.12}% 58
\BOOKMARK [3][-]{subsubsection.3.12.2}{Interaction}{subsection.3.12}% 59
\BOOKMARK [3][-]{subsubsection.3.12.3}{What makes a good visualisation}{subsection.3.12}% 60
\BOOKMARK [3][-]{subsubsection.3.12.4}{Some Key terminology}{subsection.3.12}% 61
\BOOKMARK [3][-]{subsubsection.3.12.5}{Visual Display of Quantitative Information}{subsection.3.12}% 62
\BOOKMARK [3][-]{subsubsection.3.12.6}{How to choose appropriate visual properties}{subsection.3.12}% 63
\BOOKMARK [2][-]{subsection.3.13}{Designing Visualisation}{section.3}% 64
\BOOKMARK [3][-]{subsubsection.3.13.1}{Identifying Goals}{subsection.3.13}% 65
\BOOKMARK [3][-]{subsubsection.3.13.2}{Visual Encodings}{subsection.3.13}% 66
\BOOKMARK [3][-]{subsubsection.3.13.3}{Visual Encodings 2}{subsection.3.13}% 67
\BOOKMARK [3][-]{subsubsection.3.13.4}{Interactivity}{subsection.3.13}% 68
\BOOKMARK [2][-]{subsection.3.14}{Visualisations in Deep Learning}{section.3}% 69
\BOOKMARK [3][-]{subsubsection.3.14.1}{Academic Papers and Explanations}{subsection.3.14}% 70
\BOOKMARK [3][-]{subsubsection.3.14.2}{Visualisation within DL}{subsection.3.14}% 71
\BOOKMARK [3][-]{subsubsection.3.14.3}{Interactive Explorations}{subsection.3.14}% 72
\BOOKMARK [3][-]{subsubsection.3.14.4}{Existing Software}{subsection.3.14}% 73
\BOOKMARK [3][-]{subsubsection.3.14.5}{Challenges}{subsection.3.14}% 74
\BOOKMARK [1][-]{section.4}{Progress Summary}{}% 75
\BOOKMARK [2][-]{subsection.4.1}{Investigation and Data Collection}{section.4}% 76
\BOOKMARK [3][-]{subsubsection.4.1.1}{Survey}{subsection.4.1}% 77
\BOOKMARK [3][-]{subsubsection.4.1.2}{Categorising and Understanding Academic Visualisations}{subsection.4.1}% 78
\BOOKMARK [3][-]{subsubsection.4.1.3}{Collecting Iterative Visualisations: Sketches}{subsection.4.1}% 79
\BOOKMARK [2][-]{subsection.4.2}{Understanding Literature}{section.4}% 80
\BOOKMARK [2][-]{subsection.4.3}{Clarifying Goals}{section.4}% 81
\BOOKMARK [1][-]{section.5}{Plan}{}% 82
\BOOKMARK [2][-]{subsection.5.1}{Learning to Implement}{section.5}% 83
\BOOKMARK [3][-]{subsubsection.5.1.1}{Node Server}{subsection.5.1}% 84
\BOOKMARK [3][-]{subsubsection.5.1.2}{D3 Visualisation Library}{subsection.5.1}% 85
\BOOKMARK [3][-]{subsubsection.5.1.3}{Working with Neural Networks}{subsection.5.1}% 86
\BOOKMARK [2][-]{subsection.5.2}{Investigation and Data Collection}{section.5}% 87
\BOOKMARK [3][-]{subsubsection.5.2.1}{Depth First Research}{subsection.5.2}% 88
\BOOKMARK [3][-]{subsubsection.5.2.2}{Breadth First Research}{subsection.5.2}% 89
\BOOKMARK [3][-]{subsubsection.5.2.3}{Limitations}{subsection.5.2}% 90
\BOOKMARK [2][-]{subsection.5.3}{Experiment 1: Explanation - Visualising MNIST}{section.5}% 91
\BOOKMARK [2][-]{subsection.5.4}{Experiment 2: Exploration - Visualising Energy Disaggregation: Recurrent Neural Networks}{section.5}% 92
\BOOKMARK [2][-]{subsection.5.5}{Experiment 3: Exploration - Visualising Energy Disaggregation: Auto Encoders}{section.5}% 93
\BOOKMARK [1][-]{appendix.A}{Classifying Academic Visualisations}{}% 94
\BOOKMARK [1][-]{appendix.B}{Community Survey}{}% 95
